# JRE version: OpenJDK Runtime Environment Microsoft-25199 (11.0.12+7) (build 11.0.12+7)
# Java VM: OpenJDK 64-Bit Server VM Microsoft-25199 (11.0.12+7, mixed mode, tiered, compressed oops, g1 gc, windows-amd64)
Heap:
 garbage-first heap   total 543744K, used 145088K [0x00000000c0000000, 0x0000000100000000)
  region size 1024K, 4 young (4096K), 4 survivors (4096K)
 Metaspace       used 23118K, capacity 23698K, committed 23936K, reserved 1071104K
  class space    used 2633K, capacity 2895K, committed 2944K, reserved 1048576K
GC Heap History (20 events):
Event: 2.208 GC heap after
{Heap after GC invocations=5 (full 0):
 garbage-first heap   total 129024K, used 37559K [0x00000000c0000000, 0x0000000100000000)
  region size 1024K, 7 young (7168K), 7 survivors (7168K)
 Metaspace       used 13307K, capacity 13510K, committed 13824K, reserved 1060864K
  class space    used 1325K, capacity 1433K, committed 1536K, reserved 1048576K
}
Event: 2.284 GC heap before
{Heap before GC invocations=5 (full 0):
 garbage-first heap   total 129024K, used 47799K [0x00000000c0000000, 0x0000000100000000)
  region size 1024K, 17 young (17408K), 7 survivors (7168K)
 Metaspace       used 13363K, capacity 13639K, committed 13824K, reserved 1060864K
  class space    used 1326K, capacity 1433K, committed 1536K, reserved 1048576K
}
Event: 2.310 GC heap after
{Heap after GC invocations=6 (full 0):
 garbage-first heap   total 129024K, used 41472K [0x00000000c0000000, 0x0000000100000000)
  region size 1024K, 3 young (3072K), 3 survivors (3072K)
 Metaspace       used 13363K, capacity 13639K, committed 13824K, reserved 1060864K
  class space    used 1326K, capacity 1433K, committed 1536K, reserved 1048576K
}
Event: 2.525 GC heap before
{Heap before GC invocations=6 (full 0):
 garbage-first heap   total 129024K, used 75264K [0x00000000c0000000, 0x0000000100000000)
  region size 1024K, 36 young (36864K), 3 survivors (3072K)
 Metaspace       used 13399K, capacity 13642K, committed 13824K, reserved 1060864K
  class space    used 1327K, capacity 1433K, committed 1536K, reserved 1048576K
}
Event: 2.560 GC heap after
{Heap after GC invocations=7 (full 0):
 garbage-first heap   total 179200K, used 50176K [0x00000000c0000000, 0x0000000100000000)
  region size 1024K, 5 young (5120K), 5 survivors (5120K)
 Metaspace       used 13399K, capacity 13642K, committed 13824K, reserved 1060864K
  class space    used 1327K, capacity 1433K, committed 1536K, reserved 1048576K
}
Event: 2.832 GC heap before
{Heap before GC invocations=7 (full 0):
 garbage-first heap   total 179200K, used 96256K [0x00000000c0000000, 0x0000000100000000)
  region size 1024K, 51 young (52224K), 5 survivors (5120K)
 Metaspace       used 13469K, capacity 13713K, committed 13824K, reserved 1060864K
  class space    used 1327K, capacity 1433K, committed 1536K, reserved 1048576K
}
Event: 2.883 GC heap after
{Heap after GC invocations=8 (full 0):
 garbage-first heap   total 179200K, used 61440K [0x00000000c0000000, 0x0000000100000000)
  region size 1024K, 7 young (7168K), 7 survivors (7168K)
 Metaspace       used 13469K, capacity 13713K, committed 13824K, reserved 1060864K
  class space    used 1327K, capacity 1433K, committed 1536K, reserved 1048576K
}
Event: 3.397 GC heap before
{Heap before GC invocations=8 (full 0):
 garbage-first heap   total 179200K, used 108544K [0x00000000c0000000, 0x0000000100000000)
  region size 1024K, 53 young (54272K), 7 survivors (7168K)
 Metaspace       used 15022K, capacity 15334K, committed 15616K, reserved 1062912K
  class space    used 1544K, capacity 1675K, committed 1792K, reserved 1048576K
}
Event: 3.447 GC heap after
{Heap after GC invocations=9 (full 0):
 garbage-first heap   total 179200K, used 70656K [0x00000000c0000000, 0x0000000100000000)
  region size 1024K, 7 young (7168K), 7 survivors (7168K)
 Metaspace       used 15022K, capacity 15334K, committed 15616K, reserved 1062912K
  class space    used 1544K, capacity 1675K, committed 1792K, reserved 1048576K
}
Event: 3.589 GC heap before
{Heap before GC invocations=9 (full 0):
 garbage-first heap   total 179200K, used 116736K [0x00000000c0000000, 0x0000000100000000)
  region size 1024K, 52 young (53248K), 7 survivors (7168K)
 Metaspace       used 15047K, capacity 15335K, committed 15616K, reserved 1062912K
  class space    used 1544K, capacity 1675K, committed 1792K, reserved 1048576K
}
Event: 3.629 GC heap after
{Heap after GC invocations=10 (full 0):
 garbage-first heap   total 179200K, used 79872K [0x00000000c0000000, 0x0000000100000000)
  region size 1024K, 7 young (7168K), 7 survivors (7168K)
 Metaspace       used 15047K, capacity 15335K, committed 15616K, reserved 1062912K
  class space    used 1544K, capacity 1675K, committed 1792K, reserved 1048576K
}
Event: 3.738 GC heap before
{Heap before GC invocations=10 (full 0):
 garbage-first heap   total 179200K, used 124928K [0x00000000c0000000, 0x0000000100000000)
  region size 1024K, 51 young (52224K), 7 survivors (7168K)
 Metaspace       used 15049K, capacity 15335K, committed 15616K, reserved 1062912K
  class space    used 1544K, capacity 1675K, committed 1792K, reserved 1048576K
}
Event: 3.778 GC heap after
{Heap after GC invocations=11 (full 0):
 garbage-first heap   total 353280K, used 89088K [0x00000000c0000000, 0x0000000100000000)
  region size 1024K, 7 young (7168K), 7 survivors (7168K)
 Metaspace       used 15049K, capacity 15335K, committed 15616K, reserved 1062912K
  class space    used 1544K, capacity 1675K, committed 1792K, reserved 1048576K
}
Event: 4.416 GC heap before
{Heap before GC invocations=11 (full 0):
 garbage-first heap   total 353280K, used 178176K [0x00000000c0000000, 0x0000000100000000)
  region size 1024K, 94 young (96256K), 7 survivors (7168K)
 Metaspace       used 16779K, capacity 17154K, committed 17408K, reserved 1064960K
  class space    used 1754K, capacity 1922K, committed 2048K, reserved 1048576K
}
Event: 4.555 GC heap after
{Heap after GC invocations=12 (full 0):
 garbage-first heap   total 353280K, used 105358K [0x00000000c0000000, 0x0000000100000000)
  region size 1024K, 12 young (12288K), 12 survivors (12288K)
 Metaspace       used 16779K, capacity 17154K, committed 17408K, reserved 1064960K
  class space    used 1754K, capacity 1922K, committed 2048K, reserved 1048576K
}
Event: 4.933 GC heap before
{Heap before GC invocations=12 (full 0):
 garbage-first heap   total 353280K, used 212878K [0x00000000c0000000, 0x0000000100000000)
  region size 1024K, 116 young (118784K), 12 survivors (12288K)
 Metaspace       used 16784K, capacity 17154K, committed 17408K, reserved 1064960K
  class space    used 1754K, capacity 1922K, committed 2048K, reserved 1048576K
}
Event: 4.999 GC heap after
{Heap after GC invocations=13 (full 0):
 garbage-first heap   total 353280K, used 126461K [0x00000000c0000000, 0x0000000100000000)
  region size 1024K, 15 young (15360K), 15 survivors (15360K)
 Metaspace       used 16784K, capacity 17154K, committed 17408K, reserved 1064960K
  class space    used 1754K, capacity 1922K, committed 2048K, reserved 1048576K
}
Event: 5.712 GC heap before
{Heap before GC invocations=13 (full 0):
 garbage-first heap   total 353280K, used 204285K [0x00000000c0000000, 0x0000000100000000)
  region size 1024K, 92 young (94208K), 15 survivors (15360K)
 Metaspace       used 20518K, capacity 21197K, committed 21296K, reserved 1069056K
  class space    used 2393K, capacity 2688K, committed 2688K, reserved 1048576K
}
Event: 5.763 GC heap after
{Heap after GC invocations=14 (full 0):
 garbage-first heap   total 353280K, used 141679K [0x00000000c0000000, 0x0000000100000000)
  region size 1024K, 14 young (14336K), 14 survivors (14336K)
 Metaspace       used 20518K, capacity 21197K, committed 21296K, reserved 1069056K
  class space    used 2393K, capacity 2688K, committed 2688K, reserved 1048576K
}
Event: 7.745 GC heap before
{Heap before GC invocations=15 (full 0):
 garbage-first heap   total 353280K, used 241007K [0x00000000c0000000, 0x0000000100000000)
  region size 1024K, 111 young (113664K), 14 survivors (14336K)
 Metaspace       used 23118K, capacity 23698K, committed 23936K, reserved 1071104K
  class space    used 2633K, capacity 2895K, committed 2944K, reserved 1048576K
}

